C51 COMPILER V9.60.0.0   DOWER                                                             07/26/2022 23:31:44 PAGE 1   


C51 COMPILER V9.60.0.0, COMPILATION OF MODULE DOWER
OBJECT MODULE PLACED IN .\Objects\dower.obj
COMPILER INVOKED BY: E:\setups\apps & setup\keil c51\C51\BIN\C51.EXE dower.c OPTIMIZE(8,SPEED) BROWSE DEBUG OBJECTEXTEND
                    - PRINT(.\Listings\dower.lst) TABS(2) OBJECT(.\Objects\dower.obj)

line level    source

   1          #include<REGX51.H>
   2          sbit rs=P3^7;
   3          sbit en=P3^6;
   4          sbit EyeBlinkSensor=P1^0;
   5          sbit Buzzer=P1^1;
   6          sbit M11=P1^2;
   7          sbit M12=P1^3;
   8          sbit M21=P1^4;
   9          sbit M22=P1^5;
  10          void delay(unsigned char a)
  11          {
  12   1      int i,j;
  13   1        for(i=0;i<a;i++)
  14   1        for(j=0;j<=1000;j++);
  15   1      }
  16          void Cmd(unsigned char a)
  17          {
  18   1        int rs,P2,en;
  19   1        rs=0;
  20   1        P2=a;
  21   1        en=1;
  22   1        delay(10);
  23   1        en=0;
  24   1      }
  25          void Data(unsigned char a)
  26          {
  27   1        rs=1;
  28   1        P2=a;
  29   1        en=1;
  30   1        delay(10);
  31   1        en=0;
  32   1      }
  33          void String(unsigned char *p)
  34          {
  35   1      while(*p)
  36   1        Data(*p++);
  37   1      }
  38          void main()
  39          { 
  40   1        
  41   1      M11=0;
  42   1        M12=0;
  43   1          M21=0;
  44   1          M22=0;
  45   1        Buzzer=0;
  46   1        Cmd(0x3);
  47   1        Cmd(0x0E);
  48   1        Cmd(0x80);
  49   1        String("DROWSY_DRIVER");
  50   1        Cmd(0xc0);
  51   1        String ("DETECTING SYSTEM");
  52   1        delay(500);
  53   1        Cmd(0x01);
  54   1        while(1){
C51 COMPILER V9.60.0.0   DOWER                                                             07/26/2022 23:31:44 PAGE 2   

  55   2        if (EyeBlinkSensor==0)
  56   2        {
  57   3        Buzzer=1;
  58   3          M11=0;M12=0;M21=0;M22=0;
  59   3          Cmd(0x80);
  60   3          String("Driver_is   ");
  61   3          Cmd(0xc0);
  62   3          String("Sleeping...   ");
  63   3          
  64   3        }
  65   2        else{
  66   3        Buzzer=0;
  67   3          M11=1;M12=0;M21=1;M22=0;
  68   3          Cmd(0x80);
  69   3          String ("Driver is not  ");
  70   3          Cmd(0xc0);
  71   3          String("Sleeping...   ");
  72   3        }
  73   2        }
  74   1      }


MODULE INFORMATION:   STATIC OVERLAYABLE
   CODE SIZE        =    243    ----
   CONSTANT SIZE    =     75    ----
   XDATA SIZE       =   ----    ----
   PDATA SIZE       =   ----    ----
   DATA SIZE        =   ----       7
   IDATA SIZE       =   ----    ----
   BIT SIZE         =   ----    ----
END OF MODULE INFORMATION.


C51 COMPILATION COMPLETE.  0 WARNING(S),  0 ERROR(S)
